{"/Users/kemalaydin/Desktop/1030516799_BS436_WebProgramlama/odev02/src/index.js": {"path":"/Users/kemalaydin/Desktop/1030516799_BS436_WebProgramlama/odev02/src/index.js","statementMap":{"0":{"start":{"line":1,"column":13},"end":{"line":1,"column":14}},"1":{"start":{"line":4,"column":2},"end":{"line":4,"column":32}},"2":{"start":{"line":5,"column":2},"end":{"line":5,"column":13}},"3":{"start":{"line":6,"column":13},"end":{"line":6,"column":44}},"4":{"start":{"line":7,"column":15},"end":{"line":7,"column":265}},"5":{"start":{"line":8,"column":2},"end":{"line":13,"column":3}},"6":{"start":{"line":8,"column":14},"end":{"line":8,"column":29}},"7":{"start":{"line":9,"column":14},"end":{"line":9,"column":43}},"8":{"start":{"line":10,"column":17},"end":{"line":10,"column":26}},"9":{"start":{"line":11,"column":4},"end":{"line":11,"column":26}},"10":{"start":{"line":12,"column":4},"end":{"line":12,"column":21}},"11":{"start":{"line":14,"column":2},"end":{"line":14,"column":26}},"12":{"start":{"line":18,"column":2},"end":{"line":20,"column":3}},"13":{"start":{"line":19,"column":4},"end":{"line":19,"column":24}},"14":{"start":{"line":21,"column":2},"end":{"line":23,"column":3}},"15":{"start":{"line":22,"column":4},"end":{"line":22,"column":29}},"16":{"start":{"line":24,"column":19},"end":{"line":24,"column":53}},"17":{"start":{"line":26,"column":2},"end":{"line":29,"column":3}},"18":{"start":{"line":27,"column":4},"end":{"line":27,"column":37}},"19":{"start":{"line":28,"column":4},"end":{"line":28,"column":17}},"20":{"start":{"line":30,"column":17},"end":{"line":30,"column":52}},"21":{"start":{"line":31,"column":2},"end":{"line":42,"column":3}},"22":{"start":{"line":32,"column":4},"end":{"line":32,"column":48}},"23":{"start":{"line":33,"column":4},"end":{"line":33,"column":115}},"24":{"start":{"line":34,"column":4},"end":{"line":34,"column":15}},"25":{"start":{"line":36,"column":4},"end":{"line":36,"column":44}},"26":{"start":{"line":37,"column":4},"end":{"line":37,"column":48}},"27":{"start":{"line":38,"column":4},"end":{"line":38,"column":13}},"28":{"start":{"line":39,"column":4},"end":{"line":41,"column":5}},"29":{"start":{"line":40,"column":6},"end":{"line":40,"column":118}}},"fnMap":{"0":{"name":"setCard","decl":{"start":{"line":3,"column":16},"end":{"line":3,"column":23}},"loc":{"start":{"line":3,"column":25},"end":{"line":15,"column":1}},"line":3},"1":{"name":"selectCard","decl":{"start":{"line":17,"column":16},"end":{"line":17,"column":26}},"loc":{"start":{"line":17,"column":30},"end":{"line":45,"column":1}},"line":17}},"branchMap":{"0":{"loc":{"start":{"line":18,"column":2},"end":{"line":20,"column":3}},"type":"if","locations":[{"start":{"line":18,"column":2},"end":{"line":20,"column":3}},{"start":{"line":18,"column":2},"end":{"line":20,"column":3}}],"line":18},"1":{"loc":{"start":{"line":21,"column":2},"end":{"line":23,"column":3}},"type":"if","locations":[{"start":{"line":21,"column":2},"end":{"line":23,"column":3}},{"start":{"line":21,"column":2},"end":{"line":23,"column":3}}],"line":21},"2":{"loc":{"start":{"line":26,"column":2},"end":{"line":29,"column":3}},"type":"if","locations":[{"start":{"line":26,"column":2},"end":{"line":29,"column":3}},{"start":{"line":26,"column":2},"end":{"line":29,"column":3}}],"line":26},"3":{"loc":{"start":{"line":31,"column":2},"end":{"line":42,"column":3}},"type":"if","locations":[{"start":{"line":31,"column":2},"end":{"line":42,"column":3}},{"start":{"line":31,"column":2},"end":{"line":42,"column":3}}],"line":31},"4":{"loc":{"start":{"line":39,"column":4},"end":{"line":41,"column":5}},"type":"if","locations":[{"start":{"line":39,"column":4},"end":{"line":41,"column":5}},{"start":{"line":39,"column":4},"end":{"line":41,"column":5}}],"line":39}},"s":{"0":0,"1":0,"2":0,"3":0,"4":0,"5":0,"6":0,"7":0,"8":0,"9":0,"10":0,"11":0,"12":0,"13":0,"14":0,"15":0,"16":0,"17":0,"18":0,"19":0,"20":0,"21":0,"22":0,"23":0,"24":0,"25":0,"26":0,"27":0,"28":0,"29":0},"f":{"0":0,"1":0},"b":{"0":[0,0],"1":[0,0],"2":[0,0],"3":[0,0],"4":[0,0]}}
}
