<?xml version="1.0" encoding="UTF-8"?>
<coverage generated="1617551368435" clover="3.2.0">
  <project timestamp="1617551368436" name="All files">
    <metrics statements="25" coveredstatements="21" conditionals="4" coveredconditionals="3" methods="7" coveredmethods="6" elements="36" coveredelements="30" complexity="0" loc="25" ncloc="25" packages="1" files="3" classes="3"/>
    <file name="Game.jsx" path="/Users/kemalaydin/Desktop/1030516799_BS436_WebProgramlama/odev04/src/Game.jsx">
      <metrics statements="15" coveredstatements="13" conditionals="4" coveredconditionals="3" methods="5" coveredmethods="5"/>
      <line num="6" count="3" type="stmt"/>
      <line num="7" count="3" type="stmt"/>
      <line num="13" count="3" type="stmt"/>
      <line num="14" count="4" type="stmt"/>
      <line num="15" count="4" type="stmt"/>
      <line num="16" count="4" type="stmt"/>
      <line num="19" count="4" type="cond" truecount="2" falsecount="0"/>
      <line num="20" count="1" type="stmt"/>
      <line num="21" count="1" type="stmt"/>
      <line num="26" count="3" type="cond" truecount="1" falsecount="1"/>
      <line num="27" count="0" type="stmt"/>
      <line num="28" count="0" type="stmt"/>
      <line num="33" count="3" type="stmt"/>
      <line num="41" count="7" type="stmt"/>
      <line num="44" count="21" type="stmt"/>
    </file>
    <file name="cats.js" path="/Users/kemalaydin/Desktop/1030516799_BS436_WebProgramlama/odev04/src/cats.js">
      <metrics statements="8" coveredstatements="8" conditionals="0" coveredconditionals="0" methods="1" coveredmethods="1"/>
      <line num="2" count="4" type="stmt"/>
      <line num="3" count="4" type="stmt"/>
      <line num="4" count="4" type="stmt"/>
      <line num="5" count="8" type="stmt"/>
      <line num="6" count="8" type="stmt"/>
      <line num="7" count="8" type="stmt"/>
      <line num="8" count="8" type="stmt"/>
      <line num="10" count="4" type="stmt"/>
    </file>
    <file name="index.jsx" path="/Users/kemalaydin/Desktop/1030516799_BS436_WebProgramlama/odev04/src/index.jsx">
      <metrics statements="2" coveredstatements="0" conditionals="0" coveredconditionals="0" methods="1" coveredmethods="0"/>
      <line num="9" count="0" type="stmt"/>
      <line num="14" count="0" type="stmt"/>
    </file>
  </project>
</coverage>
