TN:
SF:src/Game.jsx
FN:5,(anonymous_0)
FN:13,(anonymous_1)
FN:40,(anonymous_2)
FN:44,(anonymous_3)
FN:44,(anonymous_4)
FNF:5
FNH:5
FNDA:3,(anonymous_0)
FNDA:4,(anonymous_1)
FNDA:7,(anonymous_2)
FNDA:21,(anonymous_3)
FNDA:4,(anonymous_4)
DA:6,3
DA:7,3
DA:13,3
DA:14,4
DA:15,4
DA:16,4
DA:19,4
DA:20,1
DA:21,1
DA:26,3
DA:27,0
DA:28,0
DA:33,3
DA:41,7
DA:44,21
LF:15
LH:13
BRDA:19,0,0,1
BRDA:19,0,1,3
BRDA:26,1,0,0
BRDA:26,1,1,3
BRF:4
BRH:3
end_of_record
TN:
SF:src/cats.js
FN:1,setCard
FNF:1
FNH:1
FNDA:4,setCard
DA:2,4
DA:3,4
DA:4,4
DA:5,8
DA:6,8
DA:7,8
DA:8,8
DA:10,4
LF:8
LH:8
BRF:0
BRH:0
end_of_record
TN:
SF:src/index.jsx
FN:8,(anonymous_0)
FNF:1
FNH:0
FNDA:0,(anonymous_0)
DA:9,0
DA:14,0
LF:2
LH:0
BRF:0
BRH:0
end_of_record
